<?xml version="1.0" encoding="UTF-8"?>
<coverage generated="1764116787594" clover="3.2.0">
  <project timestamp="1764116787595" name="All files">
    <metrics statements="66" coveredstatements="66" conditionals="14" coveredconditionals="12" methods="21" coveredmethods="21" elements="101" coveredelements="99" complexity="0" loc="66" ncloc="66" packages="2" files="9" classes="9"/>
    <package name="components">
      <metrics statements="60" coveredstatements="60" conditionals="14" coveredconditionals="12" methods="21" coveredmethods="21"/>
      <file name="Certifications.tsx" path="C:\Users\faiez\Documents\GitHub\react-app\src\components\Certifications.tsx">
        <metrics statements="6" coveredstatements="6" conditionals="0" coveredconditionals="0" methods="2" coveredmethods="2"/>
        <line num="1" count="1" type="stmt"/>
        <line num="2" count="1" type="stmt"/>
        <line num="3" count="1" type="stmt"/>
        <line num="5" count="1" type="stmt"/>
        <line num="6" count="1" type="stmt"/>
        <line num="23" count="14" type="stmt"/>
      </file>
      <file name="Contact.tsx" path="C:\Users\faiez\Documents\GitHub\react-app\src\components\Contact.tsx">
        <metrics statements="5" coveredstatements="5" conditionals="0" coveredconditionals="0" methods="1" coveredmethods="1"/>
        <line num="1" count="1" type="stmt"/>
        <line num="2" count="1" type="stmt"/>
        <line num="3" count="1" type="stmt"/>
        <line num="5" count="1" type="stmt"/>
        <line num="6" count="5" type="stmt"/>
      </file>
      <file name="Experience.tsx" path="C:\Users\faiez\Documents\GitHub\react-app\src\components\Experience.tsx">
        <metrics statements="8" coveredstatements="8" conditionals="4" coveredconditionals="4" methods="4" coveredmethods="4"/>
        <line num="1" count="1" type="stmt"/>
        <line num="2" count="1" type="stmt"/>
        <line num="3" count="1" type="stmt"/>
        <line num="5" count="1" type="stmt"/>
        <line num="6" count="4" type="stmt"/>
        <line num="26" count="16" type="stmt"/>
        <line num="68" count="28" type="stmt"/>
        <line num="81" count="76" type="stmt"/>
      </file>
      <file name="Hero.tsx" path="C:\Users\faiez\Documents\GitHub\react-app\src\components\Hero.tsx">
        <metrics statements="5" coveredstatements="5" conditionals="0" coveredconditionals="0" methods="1" coveredmethods="1"/>
        <line num="1" count="1" type="stmt"/>
        <line num="2" count="1" type="stmt"/>
        <line num="3" count="1" type="stmt"/>
        <line num="5" count="1" type="stmt"/>
        <line num="6" count="3" type="stmt"/>
      </file>
      <file name="Layout.tsx" path="C:\Users\faiez\Documents\GitHub\react-app\src\components\Layout.tsx">
        <metrics statements="15" coveredstatements="15" conditionals="8" coveredconditionals="6" methods="5" coveredmethods="5"/>
        <line num="1" count="1" type="stmt"/>
        <line num="2" count="1" type="stmt"/>
        <line num="3" count="1" type="stmt"/>
        <line num="4" count="1" type="stmt"/>
        <line num="5" count="1" type="stmt"/>
        <line num="6" count="1" type="stmt"/>
        <line num="8" count="1" type="stmt"/>
        <line num="9" count="9" type="stmt"/>
        <line num="10" count="9" type="stmt"/>
        <line num="12" count="9" type="stmt"/>
        <line num="21" count="9" type="stmt"/>
        <line num="33" count="54" type="stmt"/>
        <line num="60" count="2" type="stmt"/>
        <line num="80" count="12" type="stmt"/>
        <line num="83" count="1" type="stmt"/>
      </file>
      <file name="ScrollToTopButton.tsx" path="C:\Users\faiez\Documents\GitHub\react-app\src\components\ScrollToTopButton.tsx">
        <metrics statements="15" coveredstatements="15" conditionals="2" coveredconditionals="2" methods="5" coveredmethods="5"/>
        <line num="1" count="2" type="stmt"/>
        <line num="2" count="2" type="stmt"/>
        <line num="3" count="2" type="stmt"/>
        <line num="15" count="2" type="stmt"/>
        <line num="16" count="14" type="stmt"/>
        <line num="19" count="14" type="stmt"/>
        <line num="20" count="9" type="stmt"/>
        <line num="21" count="2" type="stmt"/>
        <line num="23" count="2" type="stmt"/>
        <line num="26" count="9" type="stmt"/>
        <line num="28" count="9" type="stmt"/>
        <line num="29" count="9" type="stmt"/>
        <line num="34" count="14" type="stmt"/>
        <line num="35" count="1" type="stmt"/>
        <line num="41" count="14" type="stmt"/>
      </file>
      <file name="Skills.tsx" path="C:\Users\faiez\Documents\GitHub\react-app\src\components\Skills.tsx">
        <metrics statements="6" coveredstatements="6" conditionals="0" coveredconditionals="0" methods="3" coveredmethods="3"/>
        <line num="1" count="1" type="stmt"/>
        <line num="2" count="1" type="stmt"/>
        <line num="4" count="1" type="stmt"/>
        <line num="5" count="3" type="stmt"/>
        <line num="21" count="15" type="stmt"/>
        <line num="40" count="84" type="stmt"/>
      </file>
    </package>
    <package name="data">
      <metrics statements="6" coveredstatements="6" conditionals="0" coveredconditionals="0" methods="0" coveredmethods="0"/>
      <file name="certifications.ts" path="C:\Users\faiez\Documents\GitHub\react-app\src\data\certifications.ts">
        <metrics statements="1" coveredstatements="1" conditionals="0" coveredconditionals="0" methods="0" coveredmethods="0"/>
        <line num="8" count="1" type="stmt"/>
      </file>
      <file name="data.ts" path="C:\Users\faiez\Documents\GitHub\react-app\src\data\data.ts">
        <metrics statements="5" coveredstatements="5" conditionals="0" coveredconditionals="0" methods="0" coveredmethods="0"/>
        <line num="1" count="5" type="stmt"/>
        <line num="9" count="5" type="stmt"/>
        <line num="19" count="5" type="stmt"/>
        <line num="94" count="5" type="stmt"/>
        <line num="122" count="5" type="stmt"/>
      </file>
    </package>
  </project>
</coverage>
