<?xml version="1.0" encoding="UTF-8"?>
<coverage generated="1764163633128" clover="3.2.0">
  <project timestamp="1764163633128" name="All files">
    <metrics statements="64" coveredstatements="64" conditionals="14" coveredconditionals="12" methods="24" coveredmethods="24" elements="102" coveredelements="100" complexity="0" loc="64" ncloc="64" packages="2" files="9" classes="9"/>
    <package name="components">
      <metrics statements="60" coveredstatements="60" conditionals="14" coveredconditionals="12" methods="24" coveredmethods="24"/>
      <file name="Certifications.tsx" path="C:\Users\faiez\Documents\GitHub\react-app\src\components\Certifications.tsx">
        <metrics statements="7" coveredstatements="7" conditionals="0" coveredconditionals="0" methods="5" coveredmethods="5"/>
        <line num="1" count="1" type="stmt"/>
        <line num="3" count="1" type="stmt"/>
        <line num="4" count="4" type="stmt"/>
        <line num="5" count="4" type="stmt"/>
        <line num="7" count="2" type="stmt"/>
        <line num="24" count="2" type="stmt"/>
        <line num="36" count="2" type="stmt"/>
      </file>
      <file name="Contact.tsx" path="C:\Users\faiez\Documents\GitHub\react-app\src\components\Contact.tsx">
        <metrics statements="5" coveredstatements="5" conditionals="0" coveredconditionals="0" methods="1" coveredmethods="1"/>
        <line num="1" count="1" type="stmt"/>
        <line num="2" count="1" type="stmt"/>
        <line num="3" count="1" type="stmt"/>
        <line num="5" count="1" type="stmt"/>
        <line num="6" count="5" type="stmt"/>
      </file>
      <file name="Experience.tsx" path="C:\Users\faiez\Documents\GitHub\react-app\src\components\Experience.tsx">
        <metrics statements="8" coveredstatements="8" conditionals="4" coveredconditionals="4" methods="4" coveredmethods="4"/>
        <line num="1" count="1" type="stmt"/>
        <line num="2" count="1" type="stmt"/>
        <line num="3" count="1" type="stmt"/>
        <line num="5" count="1" type="stmt"/>
        <line num="6" count="4" type="stmt"/>
        <line num="26" count="16" type="stmt"/>
        <line num="68" count="28" type="stmt"/>
        <line num="81" count="76" type="stmt"/>
      </file>
      <file name="Hero.tsx" path="C:\Users\faiez\Documents\GitHub\react-app\src\components\Hero.tsx">
        <metrics statements="5" coveredstatements="5" conditionals="0" coveredconditionals="0" methods="1" coveredmethods="1"/>
        <line num="1" count="1" type="stmt"/>
        <line num="2" count="1" type="stmt"/>
        <line num="3" count="1" type="stmt"/>
        <line num="5" count="1" type="stmt"/>
        <line num="6" count="3" type="stmt"/>
      </file>
      <file name="Layout.tsx" path="C:\Users\faiez\Documents\GitHub\react-app\src\components\Layout.tsx">
        <metrics statements="14" coveredstatements="14" conditionals="8" coveredconditionals="6" methods="5" coveredmethods="5"/>
        <line num="1" count="1" type="stmt"/>
        <line num="2" count="1" type="stmt"/>
        <line num="3" count="1" type="stmt"/>
        <line num="4" count="1" type="stmt"/>
        <line num="5" count="1" type="stmt"/>
        <line num="7" count="1" type="stmt"/>
        <line num="8" count="9" type="stmt"/>
        <line num="9" count="9" type="stmt"/>
        <line num="11" count="9" type="stmt"/>
        <line num="20" count="9" type="stmt"/>
        <line num="32" count="54" type="stmt"/>
        <line num="59" count="2" type="stmt"/>
        <line num="79" count="12" type="stmt"/>
        <line num="82" count="1" type="stmt"/>
      </file>
      <file name="ScrollToTopButton.tsx" path="C:\Users\faiez\Documents\GitHub\react-app\src\components\ScrollToTopButton.tsx">
        <metrics statements="15" coveredstatements="15" conditionals="2" coveredconditionals="2" methods="5" coveredmethods="5"/>
        <line num="1" count="2" type="stmt"/>
        <line num="2" count="2" type="stmt"/>
        <line num="3" count="2" type="stmt"/>
        <line num="15" count="2" type="stmt"/>
        <line num="16" count="14" type="stmt"/>
        <line num="19" count="14" type="stmt"/>
        <line num="20" count="9" type="stmt"/>
        <line num="21" count="2" type="stmt"/>
        <line num="23" count="2" type="stmt"/>
        <line num="26" count="9" type="stmt"/>
        <line num="28" count="9" type="stmt"/>
        <line num="29" count="9" type="stmt"/>
        <line num="34" count="14" type="stmt"/>
        <line num="35" count="1" type="stmt"/>
        <line num="41" count="14" type="stmt"/>
      </file>
      <file name="Skills.tsx" path="C:\Users\faiez\Documents\GitHub\react-app\src\components\Skills.tsx">
        <metrics statements="6" coveredstatements="6" conditionals="0" coveredconditionals="0" methods="3" coveredmethods="3"/>
        <line num="1" count="1" type="stmt"/>
        <line num="2" count="1" type="stmt"/>
        <line num="4" count="1" type="stmt"/>
        <line num="5" count="3" type="stmt"/>
        <line num="21" count="15" type="stmt"/>
        <line num="40" count="84" type="stmt"/>
      </file>
    </package>
    <package name="data">
      <metrics statements="4" coveredstatements="4" conditionals="0" coveredconditionals="0" methods="0" coveredmethods="0"/>
      <file name="data.ts" path="C:\Users\faiez\Documents\GitHub\react-app\src\data\data.ts">
        <metrics statements="3" coveredstatements="3" conditionals="0" coveredconditionals="0" methods="0" coveredmethods="0"/>
        <line num="1" count="3" type="stmt"/>
        <line num="9" count="3" type="stmt"/>
        <line num="19" count="3" type="stmt"/>
      </file>
      <file name="experiences.ts" path="C:\Users\faiez\Documents\GitHub\react-app\src\data\experiences.ts">
        <metrics statements="1" coveredstatements="1" conditionals="0" coveredconditionals="0" methods="0" coveredmethods="0"/>
        <line num="17" count="1" type="stmt"/>
      </file>
    </package>
  </project>
</coverage>
