{"C:\\Users\\faiez\\Documents\\GitHub\\react-app\\src\\components\\Certifications.tsx": {"path":"C:\\Users\\faiez\\Documents\\GitHub\\react-app\\src\\components\\Certifications.tsx","statementMap":{"0":{"start":{"line":3,"column":0},"end":{"line":3,"column":24}},"1":{"start":{"line":1,"column":0},"end":{"line":1,"column":56}},"2":{"start":{"line":4,"column":23},"end":{"line":4,"column":70}},"3":{"start":{"line":4,"column":50},"end":{"line":4,"column":69}},"4":{"start":{"line":5,"column":24},"end":{"line":5,"column":72}},"5":{"start":{"line":5,"column":51},"end":{"line":5,"column":71}},"6":{"start":{"line":7,"column":4},"end":{"line":48,"column":6}},"7":{"start":{"line":24,"column":28},"end":{"line":24,"column":46}},"8":{"start":{"line":36,"column":28},"end":{"line":36,"column":46}}},"fnMap":{"0":{"name":"Certifications","decl":{"start":{"line":3,"column":24},"end":{"line":3,"column":38}},"loc":{"start":{"line":3,"column":38},"end":{"line":49,"column":1}}},"1":{"name":"(anonymous_1)","decl":{"start":{"line":4,"column":45},"end":{"line":4,"column":46}},"loc":{"start":{"line":4,"column":50},"end":{"line":4,"column":69}}},"2":{"name":"(anonymous_2)","decl":{"start":{"line":5,"column":46},"end":{"line":5,"column":47}},"loc":{"start":{"line":5,"column":51},"end":{"line":5,"column":71}}},"3":{"name":"(anonymous_3)","decl":{"start":{"line":23,"column":40},"end":{"line":23,"column":41}},"loc":{"start":{"line":24,"column":28},"end":{"line":24,"column":46}}},"4":{"name":"(anonymous_4)","decl":{"start":{"line":35,"column":41},"end":{"line":35,"column":42}},"loc":{"start":{"line":36,"column":28},"end":{"line":36,"column":46}}}},"branchMap":{},"s":{"0":1,"1":1,"2":2,"3":4,"4":2,"5":4,"6":2,"7":2,"8":2},"f":{"0":2,"1":4,"2":4,"3":2,"4":2},"b":{}}
,"C:\\Users\\faiez\\Documents\\GitHub\\react-app\\src\\components\\Contact.tsx": {"path":"C:\\Users\\faiez\\Documents\\GitHub\\react-app\\src\\components\\Contact.tsx","statementMap":{"0":{"start":{"line":5,"column":0},"end":{"line":5,"column":24}},"1":{"start":{"line":1,"column":0},"end":{"line":1,"column":39}},"2":{"start":{"line":2,"column":0},"end":{"line":2,"column":57}},"3":{"start":{"line":3,"column":0},"end":{"line":3,"column":44}},"4":{"start":{"line":6,"column":4},"end":{"line":131,"column":6}}},"fnMap":{"0":{"name":"Contact","decl":{"start":{"line":5,"column":24},"end":{"line":5,"column":31}},"loc":{"start":{"line":5,"column":31},"end":{"line":132,"column":1}}}},"branchMap":{},"s":{"0":1,"1":1,"2":1,"3":1,"4":5},"f":{"0":5},"b":{}}
,"C:\\Users\\faiez\\Documents\\GitHub\\react-app\\src\\components\\Experience.tsx": {"path":"C:\\Users\\faiez\\Documents\\GitHub\\react-app\\src\\components\\Experience.tsx","statementMap":{"0":{"start":{"line":5,"column":0},"end":{"line":5,"column":24}},"1":{"start":{"line":1,"column":0},"end":{"line":1,"column":39}},"2":{"start":{"line":2,"column":0},"end":{"line":2,"column":50}},"3":{"start":{"line":3,"column":0},"end":{"line":3,"column":59}},"4":{"start":{"line":6,"column":4},"end":{"line":98,"column":6}},"5":{"start":{"line":26,"column":28},"end":{"line":27,"column":null}},"6":{"start":{"line":68,"column":52},"end":{"line":68,"column":67}},"7":{"start":{"line":81,"column":52},"end":{"line":82,"column":null}}},"fnMap":{"0":{"name":"Experience","decl":{"start":{"line":5,"column":24},"end":{"line":5,"column":34}},"loc":{"start":{"line":5,"column":34},"end":{"line":99,"column":1}}},"1":{"name":"(anonymous_1)","decl":{"start":{"line":25,"column":41},"end":{"line":25,"column":42}},"loc":{"start":{"line":26,"column":28},"end":{"line":27,"column":null}}},"2":{"name":"(anonymous_2)","decl":{"start":{"line":67,"column":66},"end":{"line":67,"column":67}},"loc":{"start":{"line":68,"column":52},"end":{"line":68,"column":67}}},"3":{"name":"(anonymous_3)","decl":{"start":{"line":80,"column":70},"end":{"line":80,"column":71}},"loc":{"start":{"line":81,"column":52},"end":{"line":82,"column":null}}}},"branchMap":{"0":{"loc":{"start":{"line":32,"column":81},"end":{"line":32,"column":null}},"type":"cond-expr","locations":[{"start":{"line":32,"column":99},"end":{"line":32,"column":120}},{"start":{"line":32,"column":123},"end":{"line":32,"column":null}}]},"1":{"loc":{"start":{"line":40,"column":69},"end":{"line":40,"column":120}},"type":"cond-expr","locations":[{"start":{"line":40,"column":87},"end":{"line":40,"column":103}},{"start":{"line":40,"column":106},"end":{"line":40,"column":120}}]}},"s":{"0":1,"1":1,"2":1,"3":1,"4":4,"5":16,"6":28,"7":76},"f":{"0":4,"1":16,"2":28,"3":76},"b":{"0":[8,8],"1":[8,8]}}
,"C:\\Users\\faiez\\Documents\\GitHub\\react-app\\src\\components\\Hero.tsx": {"path":"C:\\Users\\faiez\\Documents\\GitHub\\react-app\\src\\components\\Hero.tsx","statementMap":{"0":{"start":{"line":5,"column":0},"end":{"line":5,"column":24}},"1":{"start":{"line":1,"column":0},"end":{"line":1,"column":39}},"2":{"start":{"line":2,"column":0},"end":{"line":2,"column":56}},"3":{"start":{"line":3,"column":0},"end":{"line":3,"column":44}},"4":{"start":{"line":6,"column":4},"end":{"line":79,"column":6}}},"fnMap":{"0":{"name":"Hero","decl":{"start":{"line":5,"column":24},"end":{"line":5,"column":28}},"loc":{"start":{"line":5,"column":28},"end":{"line":80,"column":1}}}},"branchMap":{},"s":{"0":1,"1":1,"2":1,"3":1,"4":3},"f":{"0":3},"b":{}}
,"C:\\Users\\faiez\\Documents\\GitHub\\react-app\\src\\components\\Layout.tsx": {"path":"C:\\Users\\faiez\\Documents\\GitHub\\react-app\\src\\components\\Layout.tsx","statementMap":{"0":{"start":{"line":7,"column":0},"end":{"line":7,"column":24}},"1":{"start":{"line":1,"column":0},"end":{"line":1,"column":40}},"2":{"start":{"line":2,"column":0},"end":{"line":2,"column":50}},"3":{"start":{"line":3,"column":0},"end":{"line":3,"column":45}},"4":{"start":{"line":4,"column":0},"end":{"line":4,"column":56}},"5":{"start":{"line":5,"column":0},"end":{"line":5,"column":52}},"6":{"start":{"line":8,"column":35},"end":{"line":8,"column":45}},"7":{"start":{"line":9,"column":40},"end":{"line":9,"column":55}},"8":{"start":{"line":11,"column":21},"end":{"line":18,"column":6}},"9":{"start":{"line":20,"column":4},"end":{"line":111,"column":6}},"10":{"start":{"line":32,"column":32},"end":{"line":33,"column":null}},"11":{"start":{"line":59,"column":47},"end":{"line":59,"column":73}},"12":{"start":{"line":79,"column":36},"end":{"line":80,"column":null}},"13":{"start":{"line":82,"column":55},"end":{"line":82,"column":75}}},"fnMap":{"0":{"name":"Layout","decl":{"start":{"line":7,"column":24},"end":{"line":7,"column":30}},"loc":{"start":{"line":7,"column":74},"end":{"line":112,"column":1}}},"1":{"name":"(anonymous_1)","decl":{"start":{"line":31,"column":42},"end":{"line":31,"column":43}},"loc":{"start":{"line":32,"column":32},"end":{"line":33,"column":null}}},"2":{"name":"(anonymous_2)","decl":{"start":{"line":59,"column":41},"end":{"line":59,"column":44}},"loc":{"start":{"line":59,"column":47},"end":{"line":59,"column":73}}},"3":{"name":"(anonymous_3)","decl":{"start":{"line":78,"column":46},"end":{"line":78,"column":47}},"loc":{"start":{"line":79,"column":36},"end":{"line":80,"column":null}}},"4":{"name":"(anonymous_4)","decl":{"start":{"line":82,"column":49},"end":{"line":82,"column":52}},"loc":{"start":{"line":82,"column":55},"end":{"line":82,"column":75}}}},"branchMap":{"0":{"loc":{"start":{"line":45,"column":33},"end":{"line":45,"column":90}},"type":"cond-expr","locations":[{"start":{"line":45,"column":52},"end":{"line":45,"column":69}},{"start":{"line":45,"column":72},"end":{"line":45,"column":90}}]},"1":{"loc":{"start":{"line":56,"column":33},"end":{"line":56,"column":90}},"type":"cond-expr","locations":[{"start":{"line":56,"column":52},"end":{"line":56,"column":69}},{"start":{"line":56,"column":72},"end":{"line":56,"column":90}}]},"2":{"loc":{"start":{"line":62,"column":33},"end":{"line":62,"column":82}},"type":"cond-expr","locations":[{"start":{"line":62,"column":46},"end":{"line":62,"column":61}},{"start":{"line":62,"column":64},"end":{"line":62,"column":82}}]},"3":{"loc":{"start":{"line":70,"column":21},"end":{"line":89,"column":null}},"type":"binary-expr","locations":[{"start":{"line":70,"column":21},"end":{"line":70,"column":31}},{"start":{"line":71,"column":24},"end":{"line":88,"column":null}}]}},"s":{"0":1,"1":1,"2":1,"3":1,"4":1,"5":1,"6":9,"7":9,"8":9,"9":9,"10":54,"11":2,"12":12,"13":1},"f":{"0":9,"1":54,"2":2,"3":12,"4":1},"b":{"0":[0,9],"1":[0,9],"2":[2,7],"3":[9,2]}}
,"C:\\Users\\faiez\\Documents\\GitHub\\react-app\\src\\components\\ScrollToTopButton.tsx": {"path":"C:\\Users\\faiez\\Documents\\GitHub\\react-app\\src\\components\\ScrollToTopButton.tsx","statementMap":{"0":{"start":{"line":15,"column":0},"end":{"line":15,"column":24}},"1":{"start":{"line":1,"column":0},"end":{"line":1,"column":44}},"2":{"start":{"line":2,"column":0},"end":{"line":2,"column":39}},"3":{"start":{"line":3,"column":0},"end":{"line":3,"column":56}},"4":{"start":{"line":16,"column":38},"end":{"line":16,"column":53}},"5":{"start":{"line":19,"column":4},"end":{"line":31,"column":11}},"6":{"start":{"line":20,"column":33},"end":{"line":24,"column":9}},"7":{"start":{"line":21,"column":29},"end":{"line":21,"column":43}},"8":{"start":{"line":23,"column":12},"end":{"line":23,"column":41}},"9":{"start":{"line":26,"column":8},"end":{"line":26,"column":60}},"10":{"start":{"line":28,"column":8},"end":{"line":30,"column":10}},"11":{"start":{"line":29,"column":12},"end":{"line":29,"column":67}},"12":{"start":{"line":34,"column":24},"end":{"line":39,"column":5}},"13":{"start":{"line":35,"column":8},"end":{"line":38,"column":11}},"14":{"start":{"line":41,"column":4},"end":{"line":82,"column":6}}},"fnMap":{"0":{"name":"ScrollToTopButton","decl":{"start":{"line":15,"column":24},"end":{"line":15,"column":41}},"loc":{"start":{"line":15,"column":41},"end":{"line":83,"column":1}}},"1":{"name":"(anonymous_1)","decl":{"start":{"line":19,"column":14},"end":{"line":19,"column":17}},"loc":{"start":{"line":19,"column":19},"end":{"line":31,"column":5}}},"2":{"name":"(anonymous_2)","decl":{"start":{"line":20,"column":33},"end":{"line":20,"column":36}},"loc":{"start":{"line":20,"column":38},"end":{"line":24,"column":9}}},"3":{"name":"(anonymous_3)","decl":{"start":{"line":28,"column":15},"end":{"line":28,"column":18}},"loc":{"start":{"line":28,"column":20},"end":{"line":30,"column":9}}},"4":{"name":"(anonymous_4)","decl":{"start":{"line":34,"column":24},"end":{"line":34,"column":27}},"loc":{"start":{"line":34,"column":29},"end":{"line":39,"column":5}}}},"branchMap":{"0":{"loc":{"start":{"line":43,"column":13},"end":{"line":79,"column":null}},"type":"binary-expr","locations":[{"start":{"line":43,"column":13},"end":{"line":43,"column":22}},{"start":{"line":44,"column":16},"end":{"line":76,"column":null}}]}},"s":{"0":2,"1":2,"2":2,"3":2,"4":14,"5":14,"6":9,"7":2,"8":2,"9":9,"10":9,"11":9,"12":14,"13":1,"14":14},"f":{"0":14,"1":9,"2":2,"3":9,"4":1},"b":{"0":[14,2]}}
,"C:\\Users\\faiez\\Documents\\GitHub\\react-app\\src\\components\\Skills.tsx": {"path":"C:\\Users\\faiez\\Documents\\GitHub\\react-app\\src\\components\\Skills.tsx","statementMap":{"0":{"start":{"line":4,"column":0},"end":{"line":4,"column":24}},"1":{"start":{"line":1,"column":0},"end":{"line":1,"column":39}},"2":{"start":{"line":2,"column":0},"end":{"line":2,"column":38}},"3":{"start":{"line":5,"column":4},"end":{"line":53,"column":6}},"4":{"start":{"line":21,"column":24},"end":{"line":22,"column":null}},"5":{"start":{"line":40,"column":36},"end":{"line":41,"column":null}}},"fnMap":{"0":{"name":"Skills","decl":{"start":{"line":4,"column":24},"end":{"line":4,"column":30}},"loc":{"start":{"line":4,"column":30},"end":{"line":54,"column":1}}},"1":{"name":"(anonymous_1)","decl":{"start":{"line":20,"column":32},"end":{"line":20,"column":33}},"loc":{"start":{"line":21,"column":24},"end":{"line":22,"column":null}}},"2":{"name":"(anonymous_2)","decl":{"start":{"line":39,"column":54},"end":{"line":39,"column":55}},"loc":{"start":{"line":40,"column":36},"end":{"line":41,"column":null}}}},"branchMap":{},"s":{"0":1,"1":1,"2":1,"3":3,"4":15,"5":84},"f":{"0":3,"1":15,"2":84},"b":{}}
,"C:\\Users\\faiez\\Documents\\GitHub\\react-app\\src\\data\\data.ts": {"path":"C:\\Users\\faiez\\Documents\\GitHub\\react-app\\src\\data\\data.ts","statementMap":{"0":{"start":{"line":1,"column":0},"end":{"line":1,"column":null}},"1":{"start":{"line":9,"column":13},"end":{"line":17,"column":2}},"2":{"start":{"line":19,"column":13},"end":{"line":45,"column":2}}},"fnMap":{},"branchMap":{},"s":{"0":3,"1":3,"2":3},"f":{},"b":{}}
,"C:\\Users\\faiez\\Documents\\GitHub\\react-app\\src\\data\\experiences.ts": {"path":"C:\\Users\\faiez\\Documents\\GitHub\\react-app\\src\\data\\experiences.ts","statementMap":{"0":{"start":{"line":17,"column":13},"end":{"line":90,"column":2}}},"fnMap":{},"branchMap":{},"s":{"0":1},"f":{},"b":{}}
}
