TN:
SF:src\components\About.tsx
FN:4,About
FN:6,anneesExperience
FNF:2
FNH:2
FNDA:3,About
FNDA:3,anneesExperience
DA:1,1
DA:2,1
DA:4,1
DA:5,3
DA:7,3
DA:10,3
LF:6
LH:6
BRF:0
BRH:0
end_of_record
TN:
SF:src\components\Certifications.tsx
FN:4,Certifications
FN:7,(anonymous_1)
FN:8,(anonymous_2)
FN:26,(anonymous_3)
FN:38,(anonymous_4)
FNF:5
FNH:5
FNDA:5,Certifications
FNDA:70,(anonymous_1)
FNDA:70,(anonymous_2)
FNDA:35,(anonymous_3)
FNDA:35,(anonymous_4)
DA:1,1
DA:2,1
DA:4,1
DA:5,5
DA:7,70
DA:8,70
DA:10,5
DA:27,35
DA:39,35
LF:9
LH:9
BRF:0
BRH:0
end_of_record
TN:
SF:src\components\Contact.tsx
FN:12,Contact
FN:19,(anonymous_1)
FN:51,(anonymous_2)
FNF:3
FNH:3
FNDA:14,Contact
FNDA:3,(anonymous_1)
FNDA:1,(anonymous_2)
DA:1,1
DA:2,1
DA:3,1
DA:4,1
DA:5,1
DA:6,1
DA:7,1
DA:8,1
DA:9,1
DA:10,1
DA:12,1
DA:13,14
DA:14,14
DA:15,14
DA:16,14
DA:17,14
DA:19,14
DA:20,3
DA:22,3
DA:25,3
DA:26,3
DA:27,3
DA:29,3
DA:30,1
DA:31,1
DA:32,1
DA:35,2
DA:36,2
DA:37,2
DA:39,2
DA:40,2
DA:47,1
DA:48,1
DA:51,1
DA:52,1
DA:53,1
DA:57,1
DA:58,1
DA:59,1
DA:60,1
DA:64,14
LF:41
LH:41
BRDA:22,0,0,0
BRDA:22,0,1,3
BRDA:29,1,0,1
BRDA:29,1,1,2
BRDA:29,2,0,3
BRDA:29,2,1,2
BRDA:29,2,2,2
BRDA:171,3,0,14
BRDA:171,3,1,1
BRDA:180,4,0,14
BRDA:180,4,1,2
BRDA:193,5,0,2
BRDA:193,5,1,12
BRF:13
BRH:12
end_of_record
TN:
SF:src\components\Education.tsx
FN:6,Education
FN:26,(anonymous_1)
FNF:2
FNH:2
FNDA:4,Education
FNDA:8,(anonymous_1)
DA:1,1
DA:2,1
DA:3,1
DA:4,1
DA:6,1
DA:7,4
DA:9,4
DA:27,8
LF:8
LH:8
BRDA:29,0,0,4
BRDA:29,0,1,4
BRF:2
BRH:2
end_of_record
TN:
SF:src\components\Hero.tsx
FN:8,Hero
FN:10,anneesExperience
FNF:2
FNH:2
FNDA:5,Hero
FNDA:5,anneesExperience
DA:1,1
DA:2,1
DA:3,1
DA:4,1
DA:5,1
DA:6,1
DA:8,1
DA:9,5
DA:11,5
DA:14,5
LF:10
LH:10
BRF:0
BRH:0
end_of_record
TN:
SF:src\components\LanguageSwitcher.tsx
FN:3,LanguageSwitcher
FN:6,(anonymous_1)
FNF:2
FNH:2
FNDA:16,LanguageSwitcher
FNDA:1,(anonymous_1)
DA:1,2
DA:3,2
DA:4,16
DA:6,16
DA:7,1
DA:10,16
LF:6
LH:6
BRDA:12,0,0,15
BRDA:12,0,1,1
BRF:2
BRH:2
end_of_record
TN:
SF:src\components\ScrollToTopButton.tsx
FN:5,ScrollToTopButton
FNF:1
FNH:1
FNDA:14,ScrollToTopButton
DA:1,2
DA:2,2
DA:3,2
DA:5,2
DA:6,14
DA:8,14
LF:6
LH:6
BRDA:10,0,0,14
BRDA:10,0,1,3
BRF:2
BRH:2
end_of_record
TN:
SF:src\components\Experience\Experience.tsx
FN:7,Experience
FN:29,(anonymous_1)
FN:57,(anonymous_2)
FN:83,(anonymous_3)
FN:96,(anonymous_4)
FNF:5
FNH:4
FNDA:6,Experience
FNDA:30,(anonymous_1)
FNDA:0,(anonymous_2)
FNDA:48,(anonymous_3)
FNDA:168,(anonymous_4)
DA:1,1
DA:2,1
DA:3,1
DA:4,1
DA:5,1
DA:7,1
DA:8,6
DA:10,6
DA:30,30
DA:58,0
DA:84,48
DA:97,168
LF:12
LH:11
BRDA:36,0,0,18
BRDA:36,0,1,12
BRDA:44,1,0,18
BRDA:44,1,1,12
BRDA:52,2,0,30
BRDA:52,2,1,30
BRDA:110,3,0,30
BRDA:110,3,1,0
BRF:8
BRH:7
end_of_record
TN:
SF:src\components\Experience\ExperienceHeader.tsx
FN:9,ExperienceHeader
FN:25,(anonymous_1)
FNF:2
FNH:1
FNDA:2,ExperienceHeader
FNDA:0,(anonymous_1)
DA:1,2
DA:2,2
DA:9,2
DA:10,2
DA:12,2
DA:26,0
LF:6
LH:5
BRDA:20,0,0,2
BRDA:20,0,1,2
BRF:2
BRH:2
end_of_record
TN:
SF:src\components\Experience\ProjectDetails.tsx
FN:15,ProjectDetails
FN:70,(anonymous_1)
FNF:2
FNH:2
FNDA:4,ProjectDetails
FNDA:28,(anonymous_1)
DA:1,2
DA:2,2
DA:15,2
DA:24,4
DA:26,4
DA:71,28
LF:6
LH:6
BRDA:32,0,0,4
BRDA:32,0,1,3
BRDA:36,1,0,1
BRDA:36,1,1,2
BRDA:49,2,0,1
BRDA:49,2,1,2
BRDA:72,3,0,28
BRDA:72,3,1,28
BRDA:73,4,0,28
BRDA:73,4,1,0
BRF:10
BRH:9
end_of_record
TN:
SF:src\components\Experience\ProjectStack.tsx
FN:7,ProjectStack
FN:14,(anonymous_1)
FNF:2
FNH:2
FNDA:2,ProjectStack
FNDA:6,(anonymous_1)
DA:1,2
DA:7,2
DA:8,2
DA:10,2
DA:15,6
LF:5
LH:5
BRF:0
BRH:0
end_of_record
TN:
SF:src\components\skills\Skills.tsx
FN:8,(anonymous_0)
FN:28,(anonymous_1)
FNF:2
FNH:2
FNDA:4,(anonymous_0)
FNDA:24,(anonymous_1)
DA:2,1
DA:3,1
DA:4,1
DA:5,1
DA:6,1
DA:8,1
DA:9,4
DA:11,4
DA:29,24
DA:73,1
LF:10
LH:10
BRF:0
BRH:0
end_of_record
TN:
SF:src\components\skills\SkillsCategory.tsx
FN:29,(anonymous_0)
FN:39,(anonymous_1)
FN:42,(anonymous_2)
FN:45,(anonymous_3)
FN:78,(anonymous_4)
FN:79,(anonymous_5)
FN:80,(anonymous_6)
FN:100,(anonymous_7)
FN:123,(anonymous_8)
FNF:9
FNH:5
FNDA:4,(anonymous_0)
FNDA:36,(anonymous_1)
FNDA:12,(anonymous_2)
FNDA:12,(anonymous_3)
FNDA:0,(anonymous_4)
FNDA:0,(anonymous_5)
FNDA:0,(anonymous_6)
FNDA:0,(anonymous_7)
FNDA:1,(anonymous_8)
DA:1,1
DA:2,1
DA:3,1
DA:4,1
DA:5,1
DA:14,1
DA:15,1
DA:16,1
DA:18,1
DA:20,1
DA:29,1
DA:30,4
DA:31,4
DA:32,4
DA:34,4
DA:35,1
DA:38,3
DA:39,36
DA:41,3
DA:42,12
DA:45,12
DA:58,3
DA:78,0
DA:79,0
DA:80,0
DA:100,0
DA:117,3
DA:123,1
DA:156,1
LF:29
LH:25
BRDA:34,0,0,1
BRDA:34,0,1,3
BRDA:34,1,0,4
BRDA:34,1,1,4
BRF:4
BRH:4
end_of_record
TN:
SF:src\data\certifications.ts
FNF:0
FNH:0
DA:10,1
LF:1
LH:1
BRF:0
BRH:0
end_of_record
TN:
SF:src\data\data.ts
FNF:0
FNH:0
DA:2,2
LF:1
LH:1
BRF:0
BRH:0
end_of_record
TN:
SF:src\data\educations.ts
FNF:0
FNH:0
DA:9,1
LF:1
LH:1
BRF:0
BRH:0
end_of_record
TN:
SF:src\data\experiences.ts
FNF:0
FNH:0
DA:27,4
LF:1
LH:1
BRF:0
BRH:0
end_of_record
TN:
SF:src\data\skills.ts
FNF:0
FNH:0
DA:1,2
DA:10,2
DA:67,2
LF:3
LH:3
BRF:0
BRH:0
end_of_record
TN:
SF:src\hooks\useLayoutNavigation.ts
FN:4,useLayoutNavigation
FN:10,(anonymous_1)
FN:14,(anonymous_2)
FN:24,(anonymous_3)
FN:43,(anonymous_4)
FNF:5
FNH:5
FNDA:24,useLayoutNavigation
FNDA:18,(anonymous_1)
FNDA:1,(anonymous_2)
FNDA:5,(anonymous_3)
FNDA:4,(anonymous_4)
DA:1,2
DA:2,2
DA:4,2
DA:5,24
DA:6,24
DA:7,24
DA:10,24
DA:11,18
DA:12,2
DA:13,2
DA:14,1
DA:15,1
DA:18,16
DA:19,14
DA:24,24
DA:25,5
DA:26,5
DA:27,5
DA:28,5
DA:29,4
DA:30,2
DA:31,2
DA:32,1
DA:35,2
DA:38,1
DA:40,5
DA:43,24
DA:45,24
LF:28
LH:28
BRDA:11,0,0,2
BRDA:11,0,1,16
BRDA:13,1,0,1
BRDA:13,1,1,1
BRDA:18,2,0,14
BRDA:18,2,1,2
BRDA:27,3,0,3
BRDA:27,3,1,2
BRDA:28,4,0,4
BRDA:28,4,1,1
BRDA:29,5,0,2
BRDA:29,5,1,2
BRDA:31,6,0,1
BRDA:31,6,1,1
BRF:14
BRH:14
end_of_record
TN:
SF:src\hooks\useScrollVisibility.ts
FN:3,useScrollVisibility
FN:6,(anonymous_1)
FN:7,(anonymous_2)
FN:14,(anonymous_3)
FN:19,(anonymous_4)
FNF:5
FNH:5
FNDA:14,useScrollVisibility
FNDA:8,(anonymous_1)
FNDA:4,(anonymous_2)
FNDA:8,(anonymous_3)
FNDA:1,(anonymous_4)
DA:1,2
DA:3,2
DA:4,14
DA:6,14
DA:7,8
DA:8,4
DA:9,4
DA:12,8
DA:14,8
DA:15,8
DA:19,14
DA:20,1
DA:26,14
LF:13
LH:13
BRDA:3,0,0,14
BRF:1
BRH:1
end_of_record
TN:
SF:src\hooks\useTheme.ts
FN:3,useTheme
FN:4,(anonymous_1)
FN:15,(anonymous_2)
FN:22,(anonymous_3)
FN:23,(anonymous_4)
FNF:5
FNH:5
FNDA:5,useTheme
FNDA:4,(anonymous_1)
FNDA:5,(anonymous_2)
FNDA:1,(anonymous_3)
FNDA:1,(anonymous_4)
DA:1,1
DA:3,1
DA:4,5
DA:5,4
DA:6,4
DA:7,4
DA:8,1
DA:10,3
DA:12,0
DA:15,5
DA:16,5
DA:17,5
DA:18,5
DA:19,5
DA:22,5
DA:23,1
DA:26,5
LF:17
LH:16
BRDA:5,0,0,4
BRDA:5,0,1,0
BRDA:7,1,0,1
BRDA:7,1,1,3
BRDA:10,2,0,2
BRDA:10,2,1,1
BRDA:23,3,0,0
BRDA:23,3,1,1
BRF:8
BRH:6
end_of_record
