TN:
SF:src\data.ts
FNF:0
FNH:0
DA:1,5
DA:9,5
DA:19,5
DA:94,5
DA:122,5
DA:139,5
LF:6
LH:6
BRF:0
BRH:0
end_of_record
TN:
SF:src\components\Contact.tsx
FN:5,Contact
FNF:1
FNH:1
FNDA:5,Contact
DA:1,1
DA:2,1
DA:3,1
DA:5,1
DA:6,5
LF:5
LH:5
BRF:0
BRH:0
end_of_record
TN:
SF:src\components\Experience.tsx
FN:5,Experience
FN:25,(anonymous_1)
FN:67,(anonymous_2)
FN:80,(anonymous_3)
FNF:4
FNH:4
FNDA:4,Experience
FNDA:16,(anonymous_1)
FNDA:28,(anonymous_2)
FNDA:76,(anonymous_3)
DA:1,1
DA:2,1
DA:3,1
DA:5,1
DA:6,4
DA:26,16
DA:68,28
DA:81,76
LF:8
LH:8
BRDA:32,0,0,8
BRDA:32,0,1,8
BRDA:40,1,0,8
BRDA:40,1,1,8
BRF:4
BRH:4
end_of_record
TN:
SF:src\components\Hero.tsx
FN:5,Hero
FNF:1
FNH:1
FNDA:3,Hero
DA:1,1
DA:2,1
DA:3,1
DA:5,1
DA:6,3
LF:5
LH:5
BRF:0
BRH:0
end_of_record
TN:
SF:src\components\Layout.tsx
FN:8,Layout
FN:31,(anonymous_1)
FN:58,(anonymous_2)
FN:77,(anonymous_3)
FN:81,(anonymous_4)
FNF:5
FNH:5
FNDA:9,Layout
FNDA:45,(anonymous_1)
FNDA:2,(anonymous_2)
FNDA:10,(anonymous_3)
FNDA:1,(anonymous_4)
DA:1,1
DA:2,1
DA:3,1
DA:4,1
DA:5,1
DA:6,1
DA:8,1
DA:9,9
DA:10,9
DA:12,9
DA:20,9
DA:32,45
DA:58,2
DA:78,10
DA:81,1
LF:15
LH:15
BRDA:45,0,0,0
BRDA:45,0,1,9
BRDA:55,1,0,0
BRDA:55,1,1,9
BRDA:61,2,0,2
BRDA:61,2,1,7
BRDA:69,3,0,9
BRDA:69,3,1,2
BRF:8
BRH:6
end_of_record
TN:
SF:src\components\ScrollToTopButton.tsx
FN:15,ScrollToTopButton
FN:19,(anonymous_1)
FN:20,(anonymous_2)
FN:28,(anonymous_3)
FN:34,(anonymous_4)
FNF:5
FNH:5
FNDA:14,ScrollToTopButton
FNDA:9,(anonymous_1)
FNDA:2,(anonymous_2)
FNDA:9,(anonymous_3)
FNDA:1,(anonymous_4)
DA:1,2
DA:2,2
DA:3,2
DA:15,2
DA:16,14
DA:19,14
DA:20,9
DA:21,2
DA:23,2
DA:26,9
DA:28,9
DA:29,9
DA:34,14
DA:35,1
DA:41,14
LF:15
LH:15
BRDA:43,0,0,14
BRDA:43,0,1,2
BRF:2
BRH:2
end_of_record
TN:
SF:src\components\Skills.tsx
FN:4,Skills
FN:20,(anonymous_1)
FN:39,(anonymous_2)
FNF:3
FNH:3
FNDA:3,Skills
FNDA:15,(anonymous_1)
FNDA:84,(anonymous_2)
DA:1,1
DA:2,1
DA:4,1
DA:5,3
DA:21,15
DA:40,84
LF:6
LH:6
BRF:0
BRH:0
end_of_record
